[0.058s] Invoking command in '/home/student/5LIU0_BalanceRobot/balanceRobot_ws/build/balance_robot': CMAKE_PREFIX_PATH=/opt/ros/humble /usr/bin/cmake /home/student/5LIU0_BalanceRobot/balanceRobot_ws/src/balance_robot -DCMAKE_INSTALL_PREFIX=/home/student/5LIU0_BalanceRobot/balanceRobot_ws/install/balance_robot
[0.107s] -- The C compiler identification is GNU 11.4.0
[0.159s] -- The CXX compiler identification is GNU 11.4.0
[0.166s] -- Detecting C compiler ABI info
[0.244s] -- Detecting C compiler ABI info - done
[0.253s] -- Check for working C compiler: /usr/bin/cc - skipped
[0.253s] -- Detecting C compile features
[0.254s] -- Detecting C compile features - done
[0.258s] -- Detecting CXX compiler ABI info
[0.362s] -- Detecting CXX compiler ABI info - done
[0.372s] -- Check for working CXX compiler: /usr/bin/c++ - skipped
[0.373s] -- Detecting CXX compile features
[0.373s] -- Detecting CXX compile features - done
[0.376s] -- Found ament_cmake: 1.3.6 (/opt/ros/humble/share/ament_cmake/cmake)
[0.552s] -- Found Python3: /usr/bin/python3.10 (found version "3.10.12") found components: Interpreter 
[0.631s] -- Found ament_lint_auto: 0.12.9 (/opt/ros/humble/share/ament_lint_auto/cmake)
[0.700s] -- Added test 'lint_cmake' to check CMake code style
[0.701s] -- Added test 'xmllint' to check XML markup files
[0.702s] -- Configuring done
[0.705s] -- Generating done
[0.706s] -- Build files have been written to: /home/student/5LIU0_BalanceRobot/balanceRobot_ws/build/balance_robot
[0.710s] Invoked command in '/home/student/5LIU0_BalanceRobot/balanceRobot_ws/build/balance_robot' returned '0': CMAKE_PREFIX_PATH=/opt/ros/humble /usr/bin/cmake /home/student/5LIU0_BalanceRobot/balanceRobot_ws/src/balance_robot -DCMAKE_INSTALL_PREFIX=/home/student/5LIU0_BalanceRobot/balanceRobot_ws/install/balance_robot
[0.713s] Invoking command in '/home/student/5LIU0_BalanceRobot/balanceRobot_ws/build/balance_robot': CMAKE_PREFIX_PATH=/opt/ros/humble /usr/bin/cmake --build /home/student/5LIU0_BalanceRobot/balanceRobot_ws/build/balance_robot -- -j8 -l8
[0.759s] Invoked command in '/home/student/5LIU0_BalanceRobot/balanceRobot_ws/build/balance_robot' returned '0': CMAKE_PREFIX_PATH=/opt/ros/humble /usr/bin/cmake --build /home/student/5LIU0_BalanceRobot/balanceRobot_ws/build/balance_robot -- -j8 -l8
[0.797s] Invoking command in '/home/student/5LIU0_BalanceRobot/balanceRobot_ws/build/balance_robot': CMAKE_PREFIX_PATH=/opt/ros/humble /usr/bin/cmake --install /home/student/5LIU0_BalanceRobot/balanceRobot_ws/build/balance_robot
[0.806s] -- Install configuration: ""
[0.806s] -- Installing: /home/student/5LIU0_BalanceRobot/balanceRobot_ws/install/balance_robot/share/ament_index/resource_index/package_run_dependencies/balance_robot
[0.806s] -- Installing: /home/student/5LIU0_BalanceRobot/balanceRobot_ws/install/balance_robot/share/ament_index/resource_index/parent_prefix_path/balance_robot
[0.806s] -- Installing: /home/student/5LIU0_BalanceRobot/balanceRobot_ws/install/balance_robot/share/balance_robot/environment/ament_prefix_path.sh
[0.807s] -- Installing: /home/student/5LIU0_BalanceRobot/balanceRobot_ws/install/balance_robot/share/balance_robot/environment/ament_prefix_path.dsv
[0.807s] -- Installing: /home/student/5LIU0_BalanceRobot/balanceRobot_ws/install/balance_robot/share/balance_robot/environment/path.sh
[0.807s] -- Installing: /home/student/5LIU0_BalanceRobot/balanceRobot_ws/install/balance_robot/share/balance_robot/environment/path.dsv
[0.807s] -- Installing: /home/student/5LIU0_BalanceRobot/balanceRobot_ws/install/balance_robot/share/balance_robot/local_setup.bash
[0.807s] -- Installing: /home/student/5LIU0_BalanceRobot/balanceRobot_ws/install/balance_robot/share/balance_robot/local_setup.sh
[0.807s] -- Installing: /home/student/5LIU0_BalanceRobot/balanceRobot_ws/install/balance_robot/share/balance_robot/local_setup.zsh
[0.808s] -- Installing: /home/student/5LIU0_BalanceRobot/balanceRobot_ws/install/balance_robot/share/balance_robot/local_setup.dsv
[0.808s] -- Installing: /home/student/5LIU0_BalanceRobot/balanceRobot_ws/install/balance_robot/share/balance_robot/package.dsv
[0.808s] -- Installing: /home/student/5LIU0_BalanceRobot/balanceRobot_ws/install/balance_robot/share/ament_index/resource_index/packages/balance_robot
[0.808s] -- Installing: /home/student/5LIU0_BalanceRobot/balanceRobot_ws/install/balance_robot/share/balance_robot/cmake/balance_robotConfig.cmake
[0.808s] -- Installing: /home/student/5LIU0_BalanceRobot/balanceRobot_ws/install/balance_robot/share/balance_robot/cmake/balance_robotConfig-version.cmake
[0.808s] -- Installing: /home/student/5LIU0_BalanceRobot/balanceRobot_ws/install/balance_robot/share/balance_robot/package.xml
[0.811s] Invoked command in '/home/student/5LIU0_BalanceRobot/balanceRobot_ws/build/balance_robot' returned '0': CMAKE_PREFIX_PATH=/opt/ros/humble /usr/bin/cmake --install /home/student/5LIU0_BalanceRobot/balanceRobot_ws/build/balance_robot
