[1.080s] DEBUG:colcon:Command line arguments: ['/usr/bin/colcon', 'build']
[1.080s] DEBUG:colcon:Parsed command line arguments: Namespace(log_base=None, log_level=None, verb_name='build', build_base='build', install_base='install', merge_install=False, symlink_install=False, test_result_base=None, continue_on_error=False, executor='parallel', parallel_workers=8, event_handlers=None, ignore_user_meta=False, metas=['./colcon.meta'], base_paths=['.'], packages_ignore=None, packages_ignore_regex=None, paths=None, packages_up_to=None, packages_up_to_regex=None, packages_above=None, packages_above_and_dependencies=None, packages_above_depth=None, packages_select_by_dep=None, packages_skip_by_dep=None, packages_skip_up_to=None, packages_select_build_failed=False, packages_skip_build_finished=False, packages_select_test_failures=False, packages_skip_test_passed=False, packages_select=None, packages_skip=None, packages_select_regex=None, packages_skip_regex=None, packages_start=None, packages_end=None, allow_overriding=[], cmake_args=None, cmake_target=None, cmake_target_skip_unavailable=False, cmake_clean_cache=False, cmake_clean_first=False, cmake_force_configure=False, ament_cmake_args=None, catkin_cmake_args=None, catkin_skip_building_tests=False, verb_parser=<colcon_defaults.argument_parser.defaults.DefaultArgumentsDecorator object at 0x7f96eb9a54e0>, verb_extension=<colcon_core.verb.build.BuildVerb object at 0x7f96ebddf250>, main=<bound method BuildVerb.main of <colcon_core.verb.build.BuildVerb object at 0x7f96ebddf250>>)
[1.128s] Level 1:colcon.colcon_core.package_discovery:discover_packages(colcon_meta) check parameters
[1.128s] Level 1:colcon.colcon_core.package_discovery:discover_packages(recursive) check parameters
[1.128s] Level 1:colcon.colcon_core.package_discovery:discover_packages(ignore) check parameters
[1.128s] Level 1:colcon.colcon_core.package_discovery:discover_packages(path) check parameters
[1.128s] Level 1:colcon.colcon_core.package_discovery:discover_packages(colcon_meta) discover
[1.129s] Level 1:colcon.colcon_core.package_discovery:discover_packages(recursive) discover
[1.129s] INFO:colcon.colcon_core.package_discovery:Crawling recursively for packages in '/home/student/5LIU0_BalanceRobot/balanceRobot_ws'
[1.129s] Level 1:colcon.colcon_core.package_identification:_identify(.) by extensions ['ignore', 'ignore_ament_install']
[1.129s] Level 1:colcon.colcon_core.package_identification:_identify(.) by extension 'ignore'
[1.129s] Level 1:colcon.colcon_core.package_identification:_identify(.) by extension 'ignore_ament_install'
[1.129s] Level 1:colcon.colcon_core.package_identification:_identify(.) by extensions ['colcon_pkg']
[1.129s] Level 1:colcon.colcon_core.package_identification:_identify(.) by extension 'colcon_pkg'
[1.129s] Level 1:colcon.colcon_core.package_identification:_identify(.) by extensions ['colcon_meta']
[1.129s] Level 1:colcon.colcon_core.package_identification:_identify(.) by extension 'colcon_meta'
[1.129s] Level 1:colcon.colcon_core.package_identification:_identify(.) by extensions ['ros']
[1.129s] Level 1:colcon.colcon_core.package_identification:_identify(.) by extension 'ros'
[1.139s] Level 1:colcon.colcon_core.package_identification:_identify(.) by extensions ['cmake', 'python']
[1.139s] Level 1:colcon.colcon_core.package_identification:_identify(.) by extension 'cmake'
[1.139s] Level 1:colcon.colcon_core.package_identification:_identify(.) by extension 'python'
[1.139s] Level 1:colcon.colcon_core.package_identification:_identify(.) by extensions ['python_setup_py']
[1.139s] Level 1:colcon.colcon_core.package_identification:_identify(.) by extension 'python_setup_py'
[1.139s] Level 1:colcon.colcon_core.package_identification:_identify(build) by extensions ['ignore', 'ignore_ament_install']
[1.139s] Level 1:colcon.colcon_core.package_identification:_identify(build) by extension 'ignore'
[1.139s] Level 1:colcon.colcon_core.package_identification:_identify(build) ignored
[1.139s] Level 1:colcon.colcon_core.package_identification:_identify(install) by extensions ['ignore', 'ignore_ament_install']
[1.140s] Level 1:colcon.colcon_core.package_identification:_identify(install) by extension 'ignore'
[1.140s] Level 1:colcon.colcon_core.package_identification:_identify(install) ignored
[1.140s] Level 1:colcon.colcon_core.package_identification:_identify(log) by extensions ['ignore', 'ignore_ament_install']
[1.140s] Level 1:colcon.colcon_core.package_identification:_identify(log) by extension 'ignore'
[1.140s] Level 1:colcon.colcon_core.package_identification:_identify(log) ignored
[1.140s] Level 1:colcon.colcon_core.package_identification:_identify(src) by extensions ['ignore', 'ignore_ament_install']
[1.140s] Level 1:colcon.colcon_core.package_identification:_identify(src) by extension 'ignore'
[1.140s] Level 1:colcon.colcon_core.package_identification:_identify(src) by extension 'ignore_ament_install'
[1.140s] Level 1:colcon.colcon_core.package_identification:_identify(src) by extensions ['colcon_pkg']
[1.140s] Level 1:colcon.colcon_core.package_identification:_identify(src) by extension 'colcon_pkg'
[1.140s] Level 1:colcon.colcon_core.package_identification:_identify(src) by extensions ['colcon_meta']
[1.140s] Level 1:colcon.colcon_core.package_identification:_identify(src) by extension 'colcon_meta'
[1.140s] Level 1:colcon.colcon_core.package_identification:_identify(src) by extensions ['ros']
[1.140s] Level 1:colcon.colcon_core.package_identification:_identify(src) by extension 'ros'
[1.140s] Level 1:colcon.colcon_core.package_identification:_identify(src) by extensions ['cmake', 'python']
[1.140s] Level 1:colcon.colcon_core.package_identification:_identify(src) by extension 'cmake'
[1.140s] Level 1:colcon.colcon_core.package_identification:_identify(src) by extension 'python'
[1.140s] Level 1:colcon.colcon_core.package_identification:_identify(src) by extensions ['python_setup_py']
[1.140s] Level 1:colcon.colcon_core.package_identification:_identify(src) by extension 'python_setup_py'
[1.141s] Level 1:colcon.colcon_core.package_identification:_identify(src/balance_robot) by extensions ['ignore', 'ignore_ament_install']
[1.141s] Level 1:colcon.colcon_core.package_identification:_identify(src/balance_robot) by extension 'ignore'
[1.141s] Level 1:colcon.colcon_core.package_identification:_identify(src/balance_robot) by extension 'ignore_ament_install'
[1.141s] Level 1:colcon.colcon_core.package_identification:_identify(src/balance_robot) by extensions ['colcon_pkg']
[1.141s] Level 1:colcon.colcon_core.package_identification:_identify(src/balance_robot) by extension 'colcon_pkg'
[1.141s] Level 1:colcon.colcon_core.package_identification:_identify(src/balance_robot) by extensions ['colcon_meta']
[1.141s] Level 1:colcon.colcon_core.package_identification:_identify(src/balance_robot) by extension 'colcon_meta'
[1.141s] Level 1:colcon.colcon_core.package_identification:_identify(src/balance_robot) by extensions ['ros']
[1.141s] Level 1:colcon.colcon_core.package_identification:_identify(src/balance_robot) by extension 'ros'
[1.143s] DEBUG:colcon.colcon_core.package_identification:Package 'src/balance_robot' with type 'ros.ament_cmake' and name 'balance_robot'
[1.143s] Level 1:colcon.colcon_core.package_discovery:discover_packages(recursive) using defaults
[1.143s] Level 1:colcon.colcon_core.package_discovery:discover_packages(ignore) discover
[1.143s] Level 1:colcon.colcon_core.package_discovery:discover_packages(ignore) using defaults
[1.143s] Level 1:colcon.colcon_core.package_discovery:discover_packages(path) discover
[1.143s] Level 1:colcon.colcon_core.package_discovery:discover_packages(path) using defaults
[1.240s] Level 1:colcon.colcon_core.package_discovery:discover_packages(prefix_path) check parameters
[1.240s] Level 1:colcon.colcon_core.package_discovery:discover_packages(prefix_path) discover
[1.274s] DEBUG:colcon.colcon_installed_package_information.package_discovery:Found 377 installed packages in /opt/ros/humble
[1.275s] Level 1:colcon.colcon_core.package_discovery:discover_packages(prefix_path) using defaults
[1.390s] Level 5:colcon.colcon_core.verb:set package 'balance_robot' build argument 'cmake_args' from command line to 'None'
[1.390s] Level 5:colcon.colcon_core.verb:set package 'balance_robot' build argument 'cmake_target' from command line to 'None'
[1.390s] Level 5:colcon.colcon_core.verb:set package 'balance_robot' build argument 'cmake_target_skip_unavailable' from command line to 'False'
[1.390s] Level 5:colcon.colcon_core.verb:set package 'balance_robot' build argument 'cmake_clean_cache' from command line to 'False'
[1.390s] Level 5:colcon.colcon_core.verb:set package 'balance_robot' build argument 'cmake_clean_first' from command line to 'False'
[1.390s] Level 5:colcon.colcon_core.verb:set package 'balance_robot' build argument 'cmake_force_configure' from command line to 'False'
[1.390s] Level 5:colcon.colcon_core.verb:set package 'balance_robot' build argument 'ament_cmake_args' from command line to 'None'
[1.390s] Level 5:colcon.colcon_core.verb:set package 'balance_robot' build argument 'catkin_cmake_args' from command line to 'None'
[1.390s] Level 5:colcon.colcon_core.verb:set package 'balance_robot' build argument 'catkin_skip_building_tests' from command line to 'False'
[1.390s] DEBUG:colcon.colcon_core.verb:Building package 'balance_robot' with the following arguments: {'ament_cmake_args': None, 'build_base': '/home/student/5LIU0_BalanceRobot/balanceRobot_ws/build/balance_robot', 'catkin_cmake_args': None, 'catkin_skip_building_tests': False, 'cmake_args': None, 'cmake_clean_cache': False, 'cmake_clean_first': False, 'cmake_force_configure': False, 'cmake_target': None, 'cmake_target_skip_unavailable': False, 'install_base': '/home/student/5LIU0_BalanceRobot/balanceRobot_ws/install/balance_robot', 'merge_install': False, 'path': '/home/student/5LIU0_BalanceRobot/balanceRobot_ws/src/balance_robot', 'symlink_install': False, 'test_result_base': None}
[1.407s] INFO:colcon.colcon_core.executor:Executing jobs using 'parallel' executor
[1.423s] DEBUG:colcon.colcon_parallel_executor.executor.parallel:run_until_complete
[1.423s] INFO:colcon.colcon_ros.task.ament_cmake.build:Building ROS package in '/home/student/5LIU0_BalanceRobot/balanceRobot_ws/src/balance_robot' with build type 'ament_cmake'
[1.423s] INFO:colcon.colcon_cmake.task.cmake.build:Building CMake package in '/home/student/5LIU0_BalanceRobot/balanceRobot_ws/src/balance_robot'
[1.441s] INFO:colcon.colcon_core.plugin_system:Skipping extension 'colcon_core.shell.bat': Not used on non-Windows systems
[1.441s] INFO:colcon.colcon_core.shell:Skip shell extension 'powershell' for command environment: Not usable outside of PowerShell
[1.441s] DEBUG:colcon.colcon_core.shell:Skip shell extension 'dsv' for command environment
[1.482s] DEBUG:colcon.colcon_core.event_handler.log_command:Invoking command in '/home/student/5LIU0_BalanceRobot/balanceRobot_ws/build/balance_robot': CMAKE_PREFIX_PATH=/opt/ros/humble /usr/bin/cmake /home/student/5LIU0_BalanceRobot/balanceRobot_ws/src/balance_robot -DCMAKE_INSTALL_PREFIX=/home/student/5LIU0_BalanceRobot/balanceRobot_ws/install/balance_robot
[2.134s] DEBUG:colcon.colcon_core.event_handler.log_command:Invoked command in '/home/student/5LIU0_BalanceRobot/balanceRobot_ws/build/balance_robot' returned '0': CMAKE_PREFIX_PATH=/opt/ros/humble /usr/bin/cmake /home/student/5LIU0_BalanceRobot/balanceRobot_ws/src/balance_robot -DCMAKE_INSTALL_PREFIX=/home/student/5LIU0_BalanceRobot/balanceRobot_ws/install/balance_robot
[2.137s] DEBUG:colcon.colcon_core.event_handler.log_command:Invoking command in '/home/student/5LIU0_BalanceRobot/balanceRobot_ws/build/balance_robot': CMAKE_PREFIX_PATH=/opt/ros/humble /usr/bin/cmake --build /home/student/5LIU0_BalanceRobot/balanceRobot_ws/build/balance_robot -- -j8 -l8
[2.183s] DEBUG:colcon.colcon_core.event_handler.log_command:Invoked command in '/home/student/5LIU0_BalanceRobot/balanceRobot_ws/build/balance_robot' returned '0': CMAKE_PREFIX_PATH=/opt/ros/humble /usr/bin/cmake --build /home/student/5LIU0_BalanceRobot/balanceRobot_ws/build/balance_robot -- -j8 -l8
[2.221s] DEBUG:colcon.colcon_core.event_handler.log_command:Invoking command in '/home/student/5LIU0_BalanceRobot/balanceRobot_ws/build/balance_robot': CMAKE_PREFIX_PATH=/opt/ros/humble /usr/bin/cmake --install /home/student/5LIU0_BalanceRobot/balanceRobot_ws/build/balance_robot
[2.234s] Level 1:colcon.colcon_core.environment:create_environment_scripts_only(balance_robot)
[2.235s] DEBUG:colcon.colcon_core.event_handler.log_command:Invoked command in '/home/student/5LIU0_BalanceRobot/balanceRobot_ws/build/balance_robot' returned '0': CMAKE_PREFIX_PATH=/opt/ros/humble /usr/bin/cmake --install /home/student/5LIU0_BalanceRobot/balanceRobot_ws/build/balance_robot
[2.266s] Level 1:colcon.colcon_core.environment:checking '/home/student/5LIU0_BalanceRobot/balanceRobot_ws/install/balance_robot' for CMake module files
[2.266s] Level 1:colcon.colcon_core.environment:checking '/home/student/5LIU0_BalanceRobot/balanceRobot_ws/install/balance_robot' for CMake config files
[2.267s] Level 1:colcon.colcon_core.shell:create_environment_hook('balance_robot', 'cmake_prefix_path')
[2.286s] INFO:colcon.colcon_core.shell:Creating environment hook '/home/student/5LIU0_BalanceRobot/balanceRobot_ws/install/balance_robot/share/balance_robot/hook/cmake_prefix_path.ps1'
[2.287s] INFO:colcon.colcon_core.shell:Creating environment descriptor '/home/student/5LIU0_BalanceRobot/balanceRobot_ws/install/balance_robot/share/balance_robot/hook/cmake_prefix_path.dsv'
[2.287s] INFO:colcon.colcon_core.shell:Creating environment hook '/home/student/5LIU0_BalanceRobot/balanceRobot_ws/install/balance_robot/share/balance_robot/hook/cmake_prefix_path.sh'
[2.288s] Level 1:colcon.colcon_core.environment:checking '/home/student/5LIU0_BalanceRobot/balanceRobot_ws/install/balance_robot/bin'
[2.288s] Level 1:colcon.colcon_core.environment:checking '/home/student/5LIU0_BalanceRobot/balanceRobot_ws/install/balance_robot/lib/pkgconfig/balance_robot.pc'
[2.288s] Level 1:colcon.colcon_core.environment:checking '/home/student/5LIU0_BalanceRobot/balanceRobot_ws/install/balance_robot/lib/python3.10/site-packages'
[2.289s] Level 1:colcon.colcon_core.environment:checking '/home/student/5LIU0_BalanceRobot/balanceRobot_ws/install/balance_robot/bin'
[2.305s] INFO:colcon.colcon_core.shell:Creating package script '/home/student/5LIU0_BalanceRobot/balanceRobot_ws/install/balance_robot/share/balance_robot/package.ps1'
[2.306s] INFO:colcon.colcon_core.shell:Creating package descriptor '/home/student/5LIU0_BalanceRobot/balanceRobot_ws/install/balance_robot/share/balance_robot/package.dsv'
[2.306s] INFO:colcon.colcon_core.shell:Creating package script '/home/student/5LIU0_BalanceRobot/balanceRobot_ws/install/balance_robot/share/balance_robot/package.sh'
[2.307s] INFO:colcon.colcon_core.shell:Creating package script '/home/student/5LIU0_BalanceRobot/balanceRobot_ws/install/balance_robot/share/balance_robot/package.bash'
[2.307s] INFO:colcon.colcon_core.shell:Creating package script '/home/student/5LIU0_BalanceRobot/balanceRobot_ws/install/balance_robot/share/balance_robot/package.zsh'
[2.308s] Level 1:colcon.colcon_core.environment:create_file_with_runtime_dependencies(/home/student/5LIU0_BalanceRobot/balanceRobot_ws/install/balance_robot/share/colcon-core/packages/balance_robot)
[2.347s] Level 1:colcon.colcon_core.environment:create_environment_scripts_only(balance_robot)
[2.363s] Level 1:colcon.colcon_core.environment:checking '/home/student/5LIU0_BalanceRobot/balanceRobot_ws/install/balance_robot' for CMake module files
[2.364s] Level 1:colcon.colcon_core.environment:checking '/home/student/5LIU0_BalanceRobot/balanceRobot_ws/install/balance_robot' for CMake config files
[2.364s] Level 1:colcon.colcon_core.shell:create_environment_hook('balance_robot', 'cmake_prefix_path')
[2.380s] INFO:colcon.colcon_core.shell:Creating environment hook '/home/student/5LIU0_BalanceRobot/balanceRobot_ws/install/balance_robot/share/balance_robot/hook/cmake_prefix_path.ps1'
[2.380s] INFO:colcon.colcon_core.shell:Creating environment descriptor '/home/student/5LIU0_BalanceRobot/balanceRobot_ws/install/balance_robot/share/balance_robot/hook/cmake_prefix_path.dsv'
[2.380s] INFO:colcon.colcon_core.shell:Creating environment hook '/home/student/5LIU0_BalanceRobot/balanceRobot_ws/install/balance_robot/share/balance_robot/hook/cmake_prefix_path.sh'
[2.381s] Level 1:colcon.colcon_core.environment:checking '/home/student/5LIU0_BalanceRobot/balanceRobot_ws/install/balance_robot/bin'
[2.381s] Level 1:colcon.colcon_core.environment:checking '/home/student/5LIU0_BalanceRobot/balanceRobot_ws/install/balance_robot/lib/pkgconfig/balance_robot.pc'
[2.381s] Level 1:colcon.colcon_core.environment:checking '/home/student/5LIU0_BalanceRobot/balanceRobot_ws/install/balance_robot/lib/python3.10/site-packages'
[2.381s] Level 1:colcon.colcon_core.environment:checking '/home/student/5LIU0_BalanceRobot/balanceRobot_ws/install/balance_robot/bin'
[2.404s] INFO:colcon.colcon_core.shell:Creating package script '/home/student/5LIU0_BalanceRobot/balanceRobot_ws/install/balance_robot/share/balance_robot/package.ps1'
[2.405s] INFO:colcon.colcon_core.shell:Creating package descriptor '/home/student/5LIU0_BalanceRobot/balanceRobot_ws/install/balance_robot/share/balance_robot/package.dsv'
[2.405s] INFO:colcon.colcon_core.shell:Creating package script '/home/student/5LIU0_BalanceRobot/balanceRobot_ws/install/balance_robot/share/balance_robot/package.sh'
[2.406s] INFO:colcon.colcon_core.shell:Creating package script '/home/student/5LIU0_BalanceRobot/balanceRobot_ws/install/balance_robot/share/balance_robot/package.bash'
[2.406s] INFO:colcon.colcon_core.shell:Creating package script '/home/student/5LIU0_BalanceRobot/balanceRobot_ws/install/balance_robot/share/balance_robot/package.zsh'
[2.406s] Level 1:colcon.colcon_core.environment:create_file_with_runtime_dependencies(/home/student/5LIU0_BalanceRobot/balanceRobot_ws/install/balance_robot/share/colcon-core/packages/balance_robot)
[2.407s] DEBUG:colcon.colcon_parallel_executor.executor.parallel:closing loop
[2.407s] DEBUG:colcon.colcon_parallel_executor.executor.parallel:loop closed
[2.407s] DEBUG:colcon.colcon_parallel_executor.executor.parallel:run_until_complete finished with '0'
[2.407s] DEBUG:colcon.colcon_core.event_reactor:joining thread
[2.432s] INFO:colcon.colcon_core.plugin_system:Skipping extension 'colcon_notification.desktop_notification.terminal_notifier': Not used on non-Darwin systems
[2.432s] INFO:colcon.colcon_core.plugin_system:Skipping extension 'colcon_notification.desktop_notification.win32': Not used on non-Windows systems
[2.432s] INFO:colcon.colcon_notification.desktop_notification:Sending desktop notification using 'notify2'
[2.443s] DEBUG:colcon.colcon_core.event_reactor:joined thread
[2.459s] INFO:colcon.colcon_core.shell:Creating prefix script '/home/student/5LIU0_BalanceRobot/balanceRobot_ws/install/local_setup.ps1'
[2.460s] INFO:colcon.colcon_core.shell:Creating prefix util module '/home/student/5LIU0_BalanceRobot/balanceRobot_ws/install/_local_setup_util_ps1.py'
[2.461s] INFO:colcon.colcon_core.shell:Creating prefix chain script '/home/student/5LIU0_BalanceRobot/balanceRobot_ws/install/setup.ps1'
[2.478s] INFO:colcon.colcon_core.shell:Creating prefix script '/home/student/5LIU0_BalanceRobot/balanceRobot_ws/install/local_setup.sh'
[2.479s] INFO:colcon.colcon_core.shell:Creating prefix util module '/home/student/5LIU0_BalanceRobot/balanceRobot_ws/install/_local_setup_util_sh.py'
[2.479s] INFO:colcon.colcon_core.shell:Creating prefix chain script '/home/student/5LIU0_BalanceRobot/balanceRobot_ws/install/setup.sh'
[2.496s] INFO:colcon.colcon_core.shell:Creating prefix script '/home/student/5LIU0_BalanceRobot/balanceRobot_ws/install/local_setup.bash'
[2.496s] INFO:colcon.colcon_core.shell:Creating prefix chain script '/home/student/5LIU0_BalanceRobot/balanceRobot_ws/install/setup.bash'
[2.512s] INFO:colcon.colcon_core.shell:Creating prefix script '/home/student/5LIU0_BalanceRobot/balanceRobot_ws/install/local_setup.zsh'
[2.513s] INFO:colcon.colcon_core.shell:Creating prefix chain script '/home/student/5LIU0_BalanceRobot/balanceRobot_ws/install/setup.zsh'
